<?xml version="1.0" encoding="UTF-8"?>
<!-- Generated by org.testng.reporters.JUnitReportReporter -->
<testsuite hostname="HYLCAPITAL4705" failures="0" tests="1" name="Selenium_Automation.Selenium_Practice.Question4_sdet" time="123.758" errors="0" timestamp="2023-08-09T11:34:12 IST" skipped="0">
  <testcase classname="Selenium_Automation.Selenium_Practice.Question4_sdet" name="SetUp" time="123.758"/>
  <system-out/>
</testsuite> <!-- Selenium_Automation.Selenium_Practice.Question4_sdet -->
